2025-03-15 17:56:23,649 - reset_tool - INFO - 開始重置資料庫...
2025-03-15 17:56:23,721 - reset_tool - INFO - 刪除所有資料表...
2025-03-15 17:56:23,778 - reset_tool - INFO - 所有資料表已刪除
2025-03-15 17:56:23,778 - reset_tool - INFO - 重新創建所有資料表...
2025-03-15 17:56:23,803 - reset_tool - INFO - 所有資料表已重新創建
2025-03-15 17:56:23,803 - reset_tool - INFO - 資料庫重置完成
2025-03-15 18:05:16,915 - reset_tool - INFO - 開始重置資料庫...
2025-03-15 18:05:16,943 - reset_tool - INFO - 刪除所有資料表...
2025-03-15 18:05:16,978 - reset_tool - INFO - 所有資料表已刪除
2025-03-15 18:05:16,978 - reset_tool - INFO - 重新創建所有資料表...
2025-03-15 18:05:17,004 - reset_tool - INFO - 所有資料表已重新創建
2025-03-15 18:05:17,004 - reset_tool - INFO - 資料庫重置完成
2025-03-15 18:05:21,411 - reset_tool - INFO - 開始重置資料庫...
2025-03-15 18:05:21,430 - reset_tool - INFO - 刪除所有資料表...
2025-03-15 18:05:21,458 - reset_tool - INFO - 所有資料表已刪除
2025-03-15 18:05:21,459 - reset_tool - INFO - 重新創建所有資料表...
2025-03-15 18:05:21,480 - reset_tool - INFO - 所有資料表已重新創建
2025-03-15 18:05:21,480 - reset_tool - INFO - 資料庫重置完成
2025-03-15 18:05:33,459 - reset_tool - INFO - 開始重置資料庫...
2025-03-15 18:05:33,480 - reset_tool - INFO - 刪除所有資料表...
2025-03-15 18:05:33,501 - reset_tool - INFO - 所有資料表已刪除
2025-03-15 18:05:33,501 - reset_tool - INFO - 重新創建所有資料表...
2025-03-15 18:05:33,527 - reset_tool - INFO - 所有資料表已重新創建
2025-03-15 18:05:33,527 - reset_tool - INFO - 資料庫重置完成
2025-03-15 18:05:53,548 - reset_tool - INFO - 開始重置資料庫...
2025-03-15 18:05:53,569 - reset_tool - INFO - 刪除所有資料表...
2025-03-15 18:05:53,607 - reset_tool - INFO - 所有資料表已刪除
2025-03-15 18:05:53,607 - reset_tool - INFO - 重新創建所有資料表...
2025-03-15 18:05:53,636 - reset_tool - INFO - 所有資料表已重新創建
2025-03-15 18:05:53,636 - reset_tool - INFO - 資料庫重置完成
