[0m16:48:25.634967 [debug] [MainThread]: Sending event: {'category': 'dbt', 'action': 'invocation', 'label': 'start', 'context': [<snowplow_tracker.self_describing_json.SelfDescribingJson object at 0x105aed790>, <snowplow_tracker.self_describing_json.SelfDescribingJson object at 0x105b459d0>, <snowplow_tracker.self_describing_json.SelfDescribingJson object at 0x105b468d0>]}


============================== 16:48:25.637813 | 37edfa5c-06a3-4cd0-826f-779172d70c83 ==============================
[0m16:48:25.637813 [info ] [MainThread]: Running with dbt=1.7.3
[0m16:48:25.638138 [debug] [MainThread]: running dbt with arguments {'printer_width': '80', 'indirect_selection': 'eager', 'log_cache_events': 'False', 'write_json': 'True', 'partial_parse': 'True', 'cache_selected_only': 'False', 'profiles_dir': '/Users/kdanmobile/.dbt', 'debug': 'False', 'fail_fast': 'False', 'log_path': 'logs', 'warn_error': 'None', 'version_check': 'True', 'use_colors': 'True', 'use_experimental_parser': 'False', 'no_print': 'None', 'quiet': 'False', 'log_format': 'default', 'invocation_command': 'dbt init dbt_core_test', 'introspect': 'True', 'static_parser': 'True', 'target_path': 'None', 'warn_error_options': 'WarnErrorOptions(include=[], exclude=[])', 'send_anonymous_usage_stats': 'True'}
[0m16:48:25.638690 [debug] [MainThread]: Starter project path: /opt/homebrew/lib/python3.11/site-packages/dbt/include/starter_project
[0m16:48:25.645822 [info ] [MainThread]: 
Your new dbt project "dbt_core_test" was created!

For more information on how to configure the profiles.yml file,
please consult the dbt documentation here:

  https://docs.getdbt.com/docs/configure-your-profile

One more thing:

Need help? Don't hesitate to reach out to us via GitHub issues or on Slack:

  https://community.getdbt.com/

Happy modeling!

[0m16:48:25.646036 [info ] [MainThread]: Setting up your profile.
[0m16:50:39.789221 [info ] [MainThread]: Profile dbt_core_test written to /Users/kdanmobile/.dbt/profiles.yml using target's profile_template.yml and your supplied values. Run 'dbt debug' to validate the connection.
[0m16:50:39.841490 [debug] [MainThread]: Resource report: {"command_name": "init", "command_success": true, "command_wall_clock_time": 134.24123, "process_user_time": 2.590724, "process_kernel_time": 0.728325, "process_mem_max_rss": "185090048", "process_in_blocks": "0", "process_out_blocks": "0"}
[0m16:50:39.843906 [debug] [MainThread]: Command `dbt init` succeeded at 16:50:39.843777 after 134.24 seconds
[0m16:50:39.844537 [debug] [MainThread]: Sending event: {'category': 'dbt', 'action': 'invocation', 'label': 'end', 'context': [<snowplow_tracker.self_describing_json.SelfDescribingJson object at 0x105b45ed0>, <snowplow_tracker.self_describing_json.SelfDescribingJson object at 0x105b23c50>, <snowplow_tracker.self_describing_json.SelfDescribingJson object at 0x104e7b290>]}
[0m16:50:39.845758 [debug] [MainThread]: Flushing usage events
